# JRE version: OpenJDK Runtime Environment Temurin-17.0.7+7 (17.0.7+7) (build 17.0.7+7)
# Java VM: OpenJDK 64-Bit Server VM Temurin-17.0.7+7 (17.0.7+7, mixed mode, tiered, compressed oops, compressed class ptrs, parallel gc, windows-amd64)
GC Precious Log:
 CPUs: 8 total, 8 available
 Memory: 16220M
 Large Page Support: Disabled
 NUMA Support: Disabled
 Compressed Oops: Enabled (32-bit)
 Alignments: Space 512K, Generation 512K, Heap 2M
 Heap Min Capacity: 100M
 Heap Initial Capacity: 100M
 Heap Max Capacity: 1G
 Pre-touch: Disabled
 Parallel Workers: 8
Heap:
 PSYoungGen      total 20480K, used 12243K [0x00000000eab00000, 0x00000000ec180000, 0x0000000100000000)
  eden space 19968K, 59% used [0x00000000eab00000,0x00000000eb6869e0,0x00000000ebe80000)
  from space 512K, 86% used [0x00000000ec100000,0x00000000ec16e578,0x00000000ec180000)
  to   space 512K, 0% used [0x00000000ec080000,0x00000000ec080000,0x00000000ec100000)
 ParOldGen       total 78848K, used 63672K [0x00000000c0000000, 0x00000000c4d00000, 0x00000000eab00000)
  object space 78848K, 80% used [0x00000000c0000000,0x00000000c3e2e388,0x00000000c4d00000)
 Metaspace       used 68593K, committed 69632K, reserved 1114112K
  class space    used 8417K, committed 8832K, reserved 1048576K
GC Heap History (20 events):
Event: 312.111 GC heap before
{Heap before GC invocations=278 (full 4):
 PSYoungGen      total 20480K, used 20032K [0x00000000eab00000, 0x00000000ec180000, 0x0000000100000000)
  eden space 19968K, 100% used [0x00000000eab00000,0x00000000ebe80000,0x00000000ebe80000)
  from space 512K, 12% used [0x00000000ec100000,0x00000000ec110000,0x00000000ec180000)
  to   space 512K, 0% used [0x00000000ec080000,0x00000000ec080000,0x00000000ec100000)
 ParOldGen       total 78848K, used 63544K [0x00000000c0000000, 0x00000000c4d00000, 0x00000000eab00000)
  object space 78848K, 80% used [0x00000000c0000000,0x00000000c3e0e388,0x00000000c4d00000)
 Metaspace       used 68223K, committed 69248K, reserved 1114112K
  class space    used 8363K, committed 8832K, reserved 1048576K
}
Event: 312.112 GC heap after
{Heap after GC invocations=278 (full 4):
 PSYoungGen      total 20480K, used 160K [0x00000000eab00000, 0x00000000ec180000, 0x0000000100000000)
  eden space 19968K, 0% used [0x00000000eab00000,0x00000000eab00000,0x00000000ebe80000)
  from space 512K, 31% used [0x00000000ec080000,0x00000000ec0a8000,0x00000000ec100000)
  to   space 512K, 0% used [0x00000000ec100000,0x00000000ec100000,0x00000000ec180000)
 ParOldGen       total 78848K, used 63544K [0x00000000c0000000, 0x00000000c4d00000, 0x00000000eab00000)
  object space 78848K, 80% used [0x00000000c0000000,0x00000000c3e0e388,0x00000000c4d00000)
 Metaspace       used 68223K, committed 69248K, reserved 1114112K
  class space    used 8363K, committed 8832K, reserved 1048576K
}
Event: 312.150 GC heap before
{Heap before GC invocations=279 (full 4):
 PSYoungGen      total 20480K, used 20128K [0x00000000eab00000, 0x00000000ec180000, 0x0000000100000000)
  eden space 19968K, 100% used [0x00000000eab00000,0x00000000ebe80000,0x00000000ebe80000)
  from space 512K, 31% used [0x00000000ec080000,0x00000000ec0a8000,0x00000000ec100000)
  to   space 512K, 0% used [0x00000000ec100000,0x00000000ec100000,0x00000000ec180000)
 ParOldGen       total 78848K, used 63544K [0x00000000c0000000, 0x00000000c4d00000, 0x00000000eab00000)
  object space 78848K, 80% used [0x00000000c0000000,0x00000000c3e0e388,0x00000000c4d00000)
 Metaspace       used 68223K, committed 69248K, reserved 1114112K
  class space    used 8363K, committed 8832K, reserved 1048576K
}
Event: 312.151 GC heap after
{Heap after GC invocations=279 (full 4):
 PSYoungGen      total 20480K, used 64K [0x00000000eab00000, 0x00000000ec180000, 0x0000000100000000)
  eden space 19968K, 0% used [0x00000000eab00000,0x00000000eab00000,0x00000000ebe80000)
  from space 512K, 12% used [0x00000000ec100000,0x00000000ec110000,0x00000000ec180000)
  to   space 512K, 0% used [0x00000000ec080000,0x00000000ec080000,0x00000000ec100000)
 ParOldGen       total 78848K, used 63552K [0x00000000c0000000, 0x00000000c4d00000, 0x00000000eab00000)
  object space 78848K, 80% used [0x00000000c0000000,0x00000000c3e10388,0x00000000c4d00000)
 Metaspace       used 68223K, committed 69248K, reserved 1114112K
  class space    used 8363K, committed 8832K, reserved 1048576K
}
Event: 312.198 GC heap before
{Heap before GC invocations=280 (full 4):
 PSYoungGen      total 20480K, used 20032K [0x00000000eab00000, 0x00000000ec180000, 0x0000000100000000)
  eden space 19968K, 100% used [0x00000000eab00000,0x00000000ebe80000,0x00000000ebe80000)
  from space 512K, 12% used [0x00000000ec100000,0x00000000ec110000,0x00000000ec180000)
  to   space 512K, 0% used [0x00000000ec080000,0x00000000ec080000,0x00000000ec100000)
 ParOldGen       total 78848K, used 63552K [0x00000000c0000000, 0x00000000c4d00000, 0x00000000eab00000)
  object space 78848K, 80% used [0x00000000c0000000,0x00000000c3e10388,0x00000000c4d00000)
 Metaspace       used 68226K, committed 69248K, reserved 1114112K
  class space    used 8363K, committed 8832K, reserved 1048576K
}
Event: 312.198 GC heap after
{Heap after GC invocations=280 (full 4):
 PSYoungGen      total 20480K, used 160K [0x00000000eab00000, 0x00000000ec180000, 0x0000000100000000)
  eden space 19968K, 0% used [0x00000000eab00000,0x00000000eab00000,0x00000000ebe80000)
  from space 512K, 31% used [0x00000000ec080000,0x00000000ec0a8000,0x00000000ec100000)
  to   space 512K, 0% used [0x00000000ec100000,0x00000000ec100000,0x00000000ec180000)
 ParOldGen       total 78848K, used 63560K [0x00000000c0000000, 0x00000000c4d00000, 0x00000000eab00000)
  object space 78848K, 80% used [0x00000000c0000000,0x00000000c3e12388,0x00000000c4d00000)
 Metaspace       used 68226K, committed 69248K, reserved 1114112K
  class space    used 8363K, committed 8832K, reserved 1048576K
}
Event: 312.231 GC heap before
{Heap before GC invocations=281 (full 4):
 PSYoungGen      total 20480K, used 20128K [0x00000000eab00000, 0x00000000ec180000, 0x0000000100000000)
  eden space 19968K, 100% used [0x00000000eab00000,0x00000000ebe80000,0x00000000ebe80000)
  from space 512K, 31% used [0x00000000ec080000,0x00000000ec0a8000,0x00000000ec100000)
  to   space 512K, 0% used [0x00000000ec100000,0x00000000ec100000,0x00000000ec180000)
 ParOldGen       total 78848K, used 63560K [0x00000000c0000000, 0x00000000c4d00000, 0x00000000eab00000)
  object space 78848K, 80% used [0x00000000c0000000,0x00000000c3e12388,0x00000000c4d00000)
 Metaspace       used 68226K, committed 69248K, reserved 1114112K
  class space    used 8363K, committed 8832K, reserved 1048576K
}
Event: 312.232 GC heap after
{Heap after GC invocations=281 (full 4):
 PSYoungGen      total 20480K, used 160K [0x00000000eab00000, 0x00000000ec180000, 0x0000000100000000)
  eden space 19968K, 0% used [0x00000000eab00000,0x00000000eab00000,0x00000000ebe80000)
  from space 512K, 31% used [0x00000000ec100000,0x00000000ec128000,0x00000000ec180000)
  to   space 512K, 0% used [0x00000000ec080000,0x00000000ec080000,0x00000000ec100000)
 ParOldGen       total 78848K, used 63592K [0x00000000c0000000, 0x00000000c4d00000, 0x00000000eab00000)
  object space 78848K, 80% used [0x00000000c0000000,0x00000000c3e1a388,0x00000000c4d00000)
 Metaspace       used 68226K, committed 69248K, reserved 1114112K
  class space    used 8363K, committed 8832K, reserved 1048576K
}
Event: 312.278 GC heap before
{Heap before GC invocations=282 (full 4):
 PSYoungGen      total 20480K, used 20128K [0x00000000eab00000, 0x00000000ec180000, 0x0000000100000000)
  eden space 19968K, 100% used [0x00000000eab00000,0x00000000ebe80000,0x00000000ebe80000)
  from space 512K, 31% used [0x00000000ec100000,0x00000000ec128000,0x00000000ec180000)
  to   space 512K, 0% used [0x00000000ec080000,0x00000000ec080000,0x00000000ec100000)
 ParOldGen       total 78848K, used 63592K [0x00000000c0000000, 0x00000000c4d00000, 0x00000000eab00000)
  object space 78848K, 80% used [0x00000000c0000000,0x00000000c3e1a388,0x00000000c4d00000)
 Metaspace       used 68226K, committed 69248K, reserved 1114112K
  class space    used 8363K, committed 8832K, reserved 1048576K
}
Event: 312.278 GC heap after
{Heap after GC invocations=282 (full 4):
 PSYoungGen      total 20480K, used 192K [0x00000000eab00000, 0x00000000ec180000, 0x0000000100000000)
  eden space 19968K, 0% used [0x00000000eab00000,0x00000000eab00000,0x00000000ebe80000)
  from space 512K, 37% used [0x00000000ec080000,0x00000000ec0b0000,0x00000000ec100000)
  to   space 512K, 0% used [0x00000000ec100000,0x00000000ec100000,0x00000000ec180000)
 ParOldGen       total 78848K, used 63616K [0x00000000c0000000, 0x00000000c4d00000, 0x00000000eab00000)
  object space 78848K, 80% used [0x00000000c0000000,0x00000000c3e20388,0x00000000c4d00000)
 Metaspace       used 68226K, committed 69248K, reserved 1114112K
  class space    used 8363K, committed 8832K, reserved 1048576K
}
Event: 312.317 GC heap before
{Heap before GC invocations=283 (full 4):
 PSYoungGen      total 20480K, used 20160K [0x00000000eab00000, 0x00000000ec180000, 0x0000000100000000)
  eden space 19968K, 100% used [0x00000000eab00000,0x00000000ebe80000,0x00000000ebe80000)
  from space 512K, 37% used [0x00000000ec080000,0x00000000ec0b0000,0x00000000ec100000)
  to   space 512K, 0% used [0x00000000ec100000,0x00000000ec100000,0x00000000ec180000)
 ParOldGen       total 78848K, used 63616K [0x00000000c0000000, 0x00000000c4d00000, 0x00000000eab00000)
  object space 78848K, 80% used [0x00000000c0000000,0x00000000c3e20388,0x00000000c4d00000)
 Metaspace       used 68226K, committed 69248K, reserved 1114112K
  class space    used 8363K, committed 8832K, reserved 1048576K
}
Event: 312.318 GC heap after
{Heap after GC invocations=283 (full 4):
 PSYoungGen      total 20480K, used 192K [0x00000000eab00000, 0x00000000ec180000, 0x0000000100000000)
  eden space 19968K, 0% used [0x00000000eab00000,0x00000000eab00000,0x00000000ebe80000)
  from space 512K, 37% used [0x00000000ec100000,0x00000000ec130000,0x00000000ec180000)
  to   space 512K, 0% used [0x00000000ec080000,0x00000000ec080000,0x00000000ec100000)
 ParOldGen       total 78848K, used 63616K [0x00000000c0000000, 0x00000000c4d00000, 0x00000000eab00000)
  object space 78848K, 80% used [0x00000000c0000000,0x00000000c3e20388,0x00000000c4d00000)
 Metaspace       used 68226K, committed 69248K, reserved 1114112K
  class space    used 8363K, committed 8832K, reserved 1048576K
}
Event: 312.379 GC heap before
{Heap before GC invocations=284 (full 4):
 PSYoungGen      total 20480K, used 20160K [0x00000000eab00000, 0x00000000ec180000, 0x0000000100000000)
  eden space 19968K, 100% used [0x00000000eab00000,0x00000000ebe80000,0x00000000ebe80000)
  from space 512K, 37% used [0x00000000ec100000,0x00000000ec130000,0x00000000ec180000)
  to   space 512K, 0% used [0x00000000ec080000,0x00000000ec080000,0x00000000ec100000)
 ParOldGen       total 78848K, used 63616K [0x00000000c0000000, 0x00000000c4d00000, 0x00000000eab00000)
  object space 78848K, 80% used [0x00000000c0000000,0x00000000c3e20388,0x00000000c4d00000)
 Metaspace       used 68226K, committed 69248K, reserved 1114112K
  class space    used 8363K, committed 8832K, reserved 1048576K
}
Event: 312.380 GC heap after
{Heap after GC invocations=284 (full 4):
 PSYoungGen      total 20480K, used 224K [0x00000000eab00000, 0x00000000ec180000, 0x0000000100000000)
  eden space 19968K, 0% used [0x00000000eab00000,0x00000000eab00000,0x00000000ebe80000)
  from space 512K, 43% used [0x00000000ec080000,0x00000000ec0b8000,0x00000000ec100000)
  to   space 512K, 0% used [0x00000000ec100000,0x00000000ec100000,0x00000000ec180000)
 ParOldGen       total 78848K, used 63640K [0x00000000c0000000, 0x00000000c4d00000, 0x00000000eab00000)
  object space 78848K, 80% used [0x00000000c0000000,0x00000000c3e26388,0x00000000c4d00000)
 Metaspace       used 68226K, committed 69248K, reserved 1114112K
  class space    used 8363K, committed 8832K, reserved 1048576K
}
Event: 312.428 GC heap before
{Heap before GC invocations=285 (full 4):
 PSYoungGen      total 20480K, used 20192K [0x00000000eab00000, 0x00000000ec180000, 0x0000000100000000)
  eden space 19968K, 100% used [0x00000000eab00000,0x00000000ebe80000,0x00000000ebe80000)
  from space 512K, 43% used [0x00000000ec080000,0x00000000ec0b8000,0x00000000ec100000)
  to   space 512K, 0% used [0x00000000ec100000,0x00000000ec100000,0x00000000ec180000)
 ParOldGen       total 78848K, used 63640K [0x00000000c0000000, 0x00000000c4d00000, 0x00000000eab00000)
  object space 78848K, 80% used [0x00000000c0000000,0x00000000c3e26388,0x00000000c4d00000)
 Metaspace       used 68226K, committed 69248K, reserved 1114112K
  class space    used 8363K, committed 8832K, reserved 1048576K
}
Event: 312.428 GC heap after
{Heap after GC invocations=285 (full 4):
 PSYoungGen      total 20480K, used 160K [0x00000000eab00000, 0x00000000ec180000, 0x0000000100000000)
  eden space 19968K, 0% used [0x00000000eab00000,0x00000000eab00000,0x00000000ebe80000)
  from space 512K, 31% used [0x00000000ec100000,0x00000000ec128000,0x00000000ec180000)
  to   space 512K, 0% used [0x00000000ec080000,0x00000000ec080000,0x00000000ec100000)
 ParOldGen       total 78848K, used 63656K [0x00000000c0000000, 0x00000000c4d00000, 0x00000000eab00000)
  object space 78848K, 80% used [0x00000000c0000000,0x00000000c3e2a388,0x00000000c4d00000)
 Metaspace       used 68226K, committed 69248K, reserved 1114112K
  class space    used 8363K, committed 8832K, reserved 1048576K
}
Event: 312.462 GC heap before
{Heap before GC invocations=286 (full 4):
 PSYoungGen      total 20480K, used 20128K [0x00000000eab00000, 0x00000000ec180000, 0x0000000100000000)
  eden space 19968K, 100% used [0x00000000eab00000,0x00000000ebe80000,0x00000000ebe80000)
  from space 512K, 31% used [0x00000000ec100000,0x00000000ec128000,0x00000000ec180000)
  to   space 512K, 0% used [0x00000000ec080000,0x00000000ec080000,0x00000000ec100000)
 ParOldGen       total 78848K, used 63656K [0x00000000c0000000, 0x00000000c4d00000, 0x00000000eab00000)
  object space 78848K, 80% used [0x00000000c0000000,0x00000000c3e2a388,0x00000000c4d00000)
 Metaspace       used 68226K, committed 69248K, reserved 1114112K
  class space    used 8363K, committed 8832K, reserved 1048576K
}
Event: 312.463 GC heap after
{Heap after GC invocations=286 (full 4):
 PSYoungGen      total 20480K, used 128K [0x00000000eab00000, 0x00000000ec180000, 0x0000000100000000)
  eden space 19968K, 0% used [0x00000000eab00000,0x00000000eab00000,0x00000000ebe80000)
  from space 512K, 25% used [0x00000000ec080000,0x00000000ec0a0000,0x00000000ec100000)
  to   space 512K, 0% used [0x00000000ec100000,0x00000000ec100000,0x00000000ec180000)
 ParOldGen       total 78848K, used 63656K [0x00000000c0000000, 0x00000000c4d00000, 0x00000000eab00000)
  object space 78848K, 80% used [0x00000000c0000000,0x00000000c3e2a388,0x00000000c4d00000)
 Metaspace       used 68226K, committed 69248K, reserved 1114112K
  class space    used 8363K, committed 8832K, reserved 1048576K
}
Event: 312.635 GC heap before
{Heap before GC invocations=287 (full 4):
 PSYoungGen      total 20480K, used 20096K [0x00000000eab00000, 0x00000000ec180000, 0x0000000100000000)
  eden space 19968K, 100% used [0x00000000eab00000,0x00000000ebe80000,0x00000000ebe80000)
  from space 512K, 25% used [0x00000000ec080000,0x00000000ec0a0000,0x00000000ec100000)
  to   space 512K, 0% used [0x00000000ec100000,0x00000000ec100000,0x00000000ec180000)
 ParOldGen       total 78848K, used 63656K [0x00000000c0000000, 0x00000000c4d00000, 0x00000000eab00000)
  object space 78848K, 80% used [0x00000000c0000000,0x00000000c3e2a388,0x00000000c4d00000)
 Metaspace       used 68592K, committed 69632K, reserved 1114112K
  class space    used 8417K, committed 8832K, reserved 1048576K
}
Event: 312.637 GC heap after
{Heap after GC invocations=287 (full 4):
 PSYoungGen      total 20480K, used 441K [0x00000000eab00000, 0x00000000ec180000, 0x0000000100000000)
  eden space 19968K, 0% used [0x00000000eab00000,0x00000000eab00000,0x00000000ebe80000)
  from space 512K, 86% used [0x00000000ec100000,0x00000000ec16e578,0x00000000ec180000)
  to   space 512K, 0% used [0x00000000ec080000,0x00000000ec080000,0x00000000ec100000)
 ParOldGen       total 78848K, used 63672K [0x00000000c0000000, 0x00000000c4d00000, 0x00000000eab00000)
  object space 78848K, 80% used [0x00000000c0000000,0x00000000c3e2e388,0x00000000c4d00000)
 Metaspace       used 68592K, committed 69632K, reserved 1114112K
  class space    used 8417K, committed 8832K, reserved 1048576K
}

