# JRE version: Java(TM) SE Runtime Environment (18.0.1.1+2) (build 18.0.1.1+2-6)
# Java VM: Java HotSpot(TM) 64-Bit Server VM (18.0.1.1+2-6, mixed mode, sharing, tiered, compressed oops, compressed class ptrs, g1 gc, windows-amd64)
GC Precious Log:
 CardTable entry size: 512
 Card Set container configuration: InlinePtr #cards 4 size 8 Array Of Cards #cards 16 size 48 Howl #buckets 8 coarsen threshold 3686 Howl Bitmap #cards 512 size 80 coarsen threshold 460 Card regions per heap region 1 cards per card region 4096
 CPUs: 8 total, 8 available
 Memory: 16220M
 Large Page Support: Disabled
 NUMA Support: Disabled
 Compressed Oops: Enabled (Zero based)
 Heap Region Size: 2M
 Heap Min Capacity: 8M
 Heap Initial Capacity: 254M
 Heap Max Capacity: 3G
 Pre-touch: Disabled
 Parallel Workers: 8
 Concurrent Workers: 2
 Concurrent Refinement Workers: 8
 Periodic GC: Disabled
Heap:
 garbage-first heap   total 976896K, used 816433K [0x0000000740000000, 0x0000000800000000)
  region size 2048K, 40 young (81920K), 3 survivors (6144K)
 Metaspace       used 100869K, committed 104064K, reserved 1179648K
  class space    used 13622K, committed 15104K, reserved 1048576K
GC Heap History (20 events):
Event: 289.973 GC heap before
{Heap before GC invocations=77 (full 0):
 garbage-first heap   total 856064K, used 706773K [0x0000000740000000, 0x0000000800000000)
  region size 2048K, 79 young (161792K), 7 survivors (14336K)
 Metaspace       used 99959K, committed 103104K, reserved 1179648K
  class space    used 13562K, committed 14976K, reserved 1048576K
}
Event: 289.995 GC heap after
{Heap after GC invocations=78 (full 0):
 garbage-first heap   total 856064K, used 584045K [0x0000000740000000, 0x0000000800000000)
  region size 2048K, 10 young (20480K), 10 survivors (20480K)
 Metaspace       used 99959K, committed 103104K, reserved 1179648K
  class space    used 13562K, committed 14976K, reserved 1048576K
}
Event: 290.408 GC heap before
{Heap before GC invocations=78 (full 0):
 garbage-first heap   total 856064K, used 713069K [0x0000000740000000, 0x0000000800000000)
  region size 2048K, 73 young (149504K), 10 survivors (20480K)
 Metaspace       used 100046K, committed 103168K, reserved 1179648K
  class space    used 13563K, committed 14976K, reserved 1048576K
}
Event: 290.435 GC heap after
{Heap after GC invocations=79 (full 0):
 garbage-first heap   total 856064K, used 606578K [0x0000000740000000, 0x0000000800000000)
  region size 2048K, 10 young (20480K), 10 survivors (20480K)
 Metaspace       used 100046K, committed 103168K, reserved 1179648K
  class space    used 13563K, committed 14976K, reserved 1048576K
}
Event: 290.772 GC heap before
{Heap before GC invocations=79 (full 0):
 garbage-first heap   total 856064K, used 717170K [0x0000000740000000, 0x0000000800000000)
  region size 2048K, 64 young (131072K), 10 survivors (20480K)
 Metaspace       used 100114K, committed 103232K, reserved 1179648K
  class space    used 13563K, committed 14976K, reserved 1048576K
}
Event: 290.803 GC heap after
{Heap after GC invocations=80 (full 0):
 garbage-first heap   total 856064K, used 624546K [0x0000000740000000, 0x0000000800000000)
  region size 2048K, 8 young (16384K), 8 survivors (16384K)
 Metaspace       used 100114K, committed 103232K, reserved 1179648K
  class space    used 13563K, committed 14976K, reserved 1048576K
}
Event: 291.108 GC heap before
{Heap before GC invocations=80 (full 0):
 garbage-first heap   total 856064K, used 722850K [0x0000000740000000, 0x0000000800000000)
  region size 2048K, 56 young (114688K), 8 survivors (16384K)
 Metaspace       used 100139K, committed 103232K, reserved 1179648K
  class space    used 13564K, committed 14976K, reserved 1048576K
}
Event: 291.124 GC heap after
{Heap after GC invocations=81 (full 0):
 garbage-first heap   total 856064K, used 634167K [0x0000000740000000, 0x0000000800000000)
  region size 2048K, 5 young (10240K), 5 survivors (10240K)
 Metaspace       used 100139K, committed 103232K, reserved 1179648K
  class space    used 13564K, committed 14976K, reserved 1048576K
}
Event: 291.407 GC heap before
{Heap before GC invocations=81 (full 0):
 garbage-first heap   total 856064K, used 728375K [0x0000000740000000, 0x0000000800000000)
  region size 2048K, 51 young (104448K), 5 survivors (10240K)
 Metaspace       used 100158K, committed 103296K, reserved 1179648K
  class space    used 13564K, committed 14976K, reserved 1048576K
}
Event: 291.417 GC heap after
{Heap after GC invocations=82 (full 0):
 garbage-first heap   total 976896K, used 642121K [0x0000000740000000, 0x0000000800000000)
  region size 2048K, 5 young (10240K), 5 survivors (10240K)
 Metaspace       used 100158K, committed 103296K, reserved 1179648K
  class space    used 13564K, committed 14976K, reserved 1048576K
}
Event: 292.090 GC heap before
{Heap before GC invocations=82 (full 0):
 garbage-first heap   total 976896K, used 812105K [0x0000000740000000, 0x0000000800000000)
  region size 2048K, 88 young (180224K), 5 survivors (10240K)
 Metaspace       used 100187K, committed 103296K, reserved 1179648K
  class space    used 13564K, committed 14976K, reserved 1048576K
}
Event: 292.100 GC heap after
{Heap after GC invocations=83 (full 0):
 garbage-first heap   total 976896K, used 651546K [0x0000000740000000, 0x0000000800000000)
  region size 2048K, 10 young (20480K), 10 survivors (20480K)
 Metaspace       used 100187K, committed 103296K, reserved 1179648K
  class space    used 13564K, committed 14976K, reserved 1048576K
}
Event: 292.759 GC heap before
{Heap before GC invocations=83 (full 0):
 garbage-first heap   total 976896K, used 817434K [0x0000000740000000, 0x0000000800000000)
  region size 2048K, 91 young (186368K), 10 survivors (20480K)
 Metaspace       used 100335K, committed 103424K, reserved 1179648K
  class space    used 13567K, committed 14976K, reserved 1048576K
}
Event: 292.785 GC heap after
{Heap after GC invocations=84 (full 0):
 garbage-first heap   total 976896K, used 682844K [0x0000000740000000, 0x0000000800000000)
  region size 2048K, 12 young (24576K), 12 survivors (24576K)
 Metaspace       used 100335K, committed 103424K, reserved 1179648K
  class space    used 13567K, committed 14976K, reserved 1048576K
}
Event: 293.238 GC heap before
{Heap before GC invocations=84 (full 0):
 garbage-first heap   total 976896K, used 820060K [0x0000000740000000, 0x0000000800000000)
  region size 2048K, 79 young (161792K), 12 survivors (24576K)
 Metaspace       used 100411K, committed 103552K, reserved 1179648K
  class space    used 13571K, committed 15040K, reserved 1048576K
}
Event: 293.267 GC heap after
{Heap after GC invocations=85 (full 0):
 garbage-first heap   total 976896K, used 712133K [0x0000000740000000, 0x0000000800000000)
  region size 2048K, 10 young (20480K), 10 survivors (20480K)
 Metaspace       used 100411K, committed 103552K, reserved 1179648K
  class space    used 13571K, committed 15040K, reserved 1048576K
}
Event: 293.636 GC heap before
{Heap before GC invocations=85 (full 0):
 garbage-first heap   total 976896K, used 824773K [0x0000000740000000, 0x0000000800000000)
  region size 2048K, 65 young (133120K), 10 survivors (20480K)
 Metaspace       used 100517K, committed 103680K, reserved 1179648K
  class space    used 13571K, committed 15040K, reserved 1048576K
}
Event: 293.661 GC heap after
{Heap after GC invocations=86 (full 0):
 garbage-first heap   total 976896K, used 737991K [0x0000000740000000, 0x0000000800000000)
  region size 2048K, 9 young (18432K), 9 survivors (18432K)
 Metaspace       used 100517K, committed 103680K, reserved 1179648K
  class space    used 13571K, committed 15040K, reserved 1048576K
}
Event: 294.240 GC heap before
{Heap before GC invocations=86 (full 0):
 garbage-first heap   total 976896K, used 830151K [0x0000000740000000, 0x0000000800000000)
  region size 2048K, 54 young (110592K), 9 survivors (18432K)
 Metaspace       used 100584K, committed 103744K, reserved 1179648K
  class space    used 13577K, committed 15040K, reserved 1048576K
}
Event: 294.251 GC heap after
{Heap after GC invocations=87 (full 0):
 garbage-first heap   total 976896K, used 744753K [0x0000000740000000, 0x0000000800000000)
  region size 2048K, 3 young (6144K), 3 survivors (6144K)
 Metaspace       used 100584K, committed 103744K, reserved 1179648K
  class space    used 13577K, committed 15040K, reserved 1048576K
}

